<?xml version="1.0" encoding="UTF-8"?>
<testng-results skipped="0" failed="1" ignored="1" total="2" passed="0">
  <reporter-output>
  </reporter-output>
  <suite name="All Test Suite" duration-ms="54" started-at="2021-03-19T22:41:29 ART" finished-at="2021-03-19T22:41:29 ART">
    <groups>
    </groups>
    <test name="LoginTest" duration-ms="25" started-at="2021-03-19T22:41:29 ART" finished-at="2021-03-19T22:41:29 ART">
      <class name="testcases.LoginTest">
        <test-method status="PASS" signature="loadSelectors()[pri:0, instance:testcases.LoginTest@a7e666]" name="loadSelectors" is-config="true" duration-ms="1" started-at="2021-03-19T22:41:29 ART" finished-at="2021-03-19T22:41:29 ART">
          <reporter-output>
          </reporter-output>
        </test-method> <!-- loadSelectors -->
        <test-method status="FAIL" signature="loginAsBankManager()[pri:0, instance:testcases.LoginTest@a7e666]" name="loginAsBankManager" duration-ms="3" started-at="2021-03-19T22:41:29 ART" finished-at="2021-03-19T22:41:29 ART">
          <exception class="java.lang.NullPointerException">
            <full-stacktrace>
              <![CDATA[java.lang.NullPointerException
at testcases.LoginTest.loginAsBankManager(LoginTest.java:24)
at sun.reflect.NativeMethodAccessorImpl.invoke0(Native Method)
at sun.reflect.NativeMethodAccessorImpl.invoke(NativeMethodAccessorImpl.java:62)
at sun.reflect.DelegatingMethodAccessorImpl.invoke(DelegatingMethodAccessorImpl.java:43)
at java.lang.reflect.Method.invoke(Method.java:498)
at org.testng.internal.MethodInvocationHelper.invokeMethod(MethodInvocationHelper.java:134)
at org.testng.internal.TestInvoker.invokeMethod(TestInvoker.java:597)
at org.testng.internal.TestInvoker.invokeTestMethod(TestInvoker.java:173)
at org.testng.internal.MethodRunner.runInSequence(MethodRunner.java:46)
at org.testng.internal.TestInvoker$MethodInvocationAgent.invoke(TestInvoker.java:816)
at org.testng.internal.TestInvoker.invokeTestMethods(TestInvoker.java:146)
at org.testng.internal.TestMethodWorker.invokeTestMethods(TestMethodWorker.java:146)
at org.testng.internal.TestMethodWorker.run(TestMethodWorker.java:128)
at java.util.ArrayList.forEach(ArrayList.java:1259)
at org.testng.TestRunner.privateRun(TestRunner.java:766)
at org.testng.TestRunner.run(TestRunner.java:587)
at org.testng.SuiteRunner.runTest(SuiteRunner.java:384)
at org.testng.SuiteRunner.runSequentially(SuiteRunner.java:378)
at org.testng.SuiteRunner.privateRun(SuiteRunner.java:337)
at org.testng.SuiteRunner.run(SuiteRunner.java:286)
at org.testng.SuiteRunnerWorker.runSuite(SuiteRunnerWorker.java:53)
at org.testng.SuiteRunnerWorker.run(SuiteRunnerWorker.java:96)
at org.testng.TestNG.runSuitesSequentially(TestNG.java:1187)
at org.testng.TestNG.runSuitesLocally(TestNG.java:1109)
at org.testng.TestNG.runSuites(TestNG.java:1039)
at org.testng.TestNG.run(TestNG.java:1007)
at org.apache.maven.surefire.testng.TestNGExecutor.run(TestNGExecutor.java:284)
at org.apache.maven.surefire.testng.TestNGXmlTestSuite.execute(TestNGXmlTestSuite.java:75)
at org.apache.maven.surefire.testng.TestNGProvider.invoke(TestNGProvider.java:119)
at org.apache.maven.surefire.booter.ForkedBooter.runSuitesInProcess(ForkedBooter.java:428)
at org.apache.maven.surefire.booter.ForkedBooter.execute(ForkedBooter.java:162)
at org.apache.maven.surefire.booter.ForkedBooter.run(ForkedBooter.java:562)
at org.apache.maven.surefire.booter.ForkedBooter.main(ForkedBooter.java:548)
]]>
            </full-stacktrace>
          </exception> <!-- java.lang.NullPointerException -->
          <reporter-output>
          </reporter-output>
        </test-method> <!-- loginAsBankManager -->
      </class> <!-- testcases.LoginTest -->
    </test> <!-- LoginTest -->
    <test name="AddCustomerTest" duration-ms="0" started-at="2021-03-19T22:41:29 ART" finished-at="2021-03-19T22:41:29 ART">
      <class name="testcases.AddCustomerTest">
        <test-method status="PASS" signature="setUp()[pri:0, instance:testcases.AddCustomerTest@396f6598]" name="setUp" is-config="true" duration-ms="5584" started-at="2021-03-19T22:41:24 ART" finished-at="2021-03-19T22:41:29 ART">
          <reporter-output>
          </reporter-output>
        </test-method> <!-- setUp -->
        <test-method status="PASS" signature="tearDown()[pri:0, instance:testcases.AddCustomerTest@396f6598]" name="tearDown" is-config="true" duration-ms="0" started-at="2021-03-19T22:41:29 ART" finished-at="2021-03-19T22:41:29 ART">
          <reporter-output>
          </reporter-output>
        </test-method> <!-- tearDown -->
      </class> <!-- testcases.AddCustomerTest -->
    </test> <!-- AddCustomerTest -->
  </suite> <!-- All Test Suite -->
</testng-results>
