<?xml version="1.0" encoding="UTF-8"?>
<testng-results skipped="0" failed="0" ignored="0" total="2" passed="2">
  <reporter-output>
  </reporter-output>
  <suite name="All Test Suite" duration-ms="1422" started-at="2021-03-20T02:40:24 ART" finished-at="2021-03-20T02:40:26 ART">
    <groups>
    </groups>
    <test name="LoginTest" duration-ms="202" started-at="2021-03-20T02:40:24 ART" finished-at="2021-03-20T02:40:24 ART">
      <class name="testcases.LoginTest">
        <test-method status="PASS" signature="loadSelectors()[pri:0, instance:testcases.LoginTest@72b6cbcc]" name="loadSelectors" is-config="true" duration-ms="0" started-at="2021-03-20T02:40:24 ART" finished-at="2021-03-20T02:40:24 ART">
          <reporter-output>
          </reporter-output>
        </test-method> <!-- loadSelectors -->
        <test-method status="PASS" signature="loginAsBankManager()[pri:0, instance:testcases.LoginTest@72b6cbcc]" name="loginAsBankManager" duration-ms="186" started-at="2021-03-20T02:40:24 ART" finished-at="2021-03-20T02:40:24 ART">
          <reporter-output>
          </reporter-output>
        </test-method> <!-- loginAsBankManager -->
      </class> <!-- testcases.LoginTest -->
    </test> <!-- LoginTest -->
    <test name="AddCustomerTest" duration-ms="1205" started-at="2021-03-20T02:40:24 ART" finished-at="2021-03-20T02:40:26 ART">
      <class name="testcases.AddCustomerTest">
        <test-method status="PASS" signature="setUp()[pri:0, instance:testcases.AddCustomerTest@1f7030a6]" name="setUp" is-config="true" duration-ms="6192" started-at="2021-03-20T02:40:18 ART" finished-at="2021-03-20T02:40:24 ART">
          <reporter-output>
          </reporter-output>
        </test-method> <!-- setUp -->
        <test-method status="PASS" signature="loadSelectors()[pri:0, instance:testcases.AddCustomerTest@1f7030a6]" name="loadSelectors" is-config="true" duration-ms="0" started-at="2021-03-20T02:40:24 ART" finished-at="2021-03-20T02:40:24 ART">
          <reporter-output>
          </reporter-output>
        </test-method> <!-- loadSelectors -->
        <test-method status="PASS" signature="addCustomer()[pri:0, instance:testcases.AddCustomerTest@1f7030a6]" name="addCustomer" duration-ms="1205" started-at="2021-03-20T02:40:24 ART" finished-at="2021-03-20T02:40:26 ART">
          <reporter-output>
          </reporter-output>
        </test-method> <!-- addCustomer -->
        <test-method status="PASS" signature="tearDown()[pri:0, instance:testcases.AddCustomerTest@1f7030a6]" name="tearDown" is-config="true" duration-ms="0" started-at="2021-03-20T02:40:26 ART" finished-at="2021-03-20T02:40:26 ART">
          <reporter-output>
          </reporter-output>
        </test-method> <!-- tearDown -->
      </class> <!-- testcases.AddCustomerTest -->
    </test> <!-- AddCustomerTest -->
  </suite> <!-- All Test Suite -->
</testng-results>
